<?xml version="1.0" encoding="UTF-8"?>
<testsuite xmlns:xsi="http://www.w3.org/2001/XMLSchema-instance" xsi:noNamespaceSchemaLocation="https://maven.apache.org/surefire/maven-surefire-plugin/xsd/surefire-test-report-3.0.xsd" version="3.0" name="com.ejemplo.StringUtilsTest" time="0.051" tests="3" errors="0" skipped="0" failures="0">
  <properties>
    <property name="java.specification.version" value="17"/>
    <property name="sun.cpu.isalist" value="amd64"/>
    <property name="sun.jnu.encoding" value="Cp1252"/>
    <property name="java.class.path" value="C:\Users\matis\MATI\UTN\2025\INGENIERIA DE SOFTWARE\Practica\TP4\tp4_CI\target\test-classes;C:\Users\matis\MATI\UTN\2025\INGENIERIA DE SOFTWARE\Practica\TP4\tp4_CI\target\classes;C:\Users\matis\.m2\repository\junit\junit\4.13.2\junit-4.13.2.jar;C:\Users\matis\.m2\repository\org\hamcrest\hamcrest-core\1.3\hamcrest-core-1.3.jar;"/>
    <property name="java.vm.vendor" value="Oracle Corporation"/>
    <property name="sun.arch.data.model" value="64"/>
    <property name="user.variant" value=""/>
    <property name="java.vendor.url" value="https://java.oracle.com/"/>
    <property name="user.timezone" value="America/Buenos_Aires"/>
    <property name="os.name" value="Windows 11"/>
    <property name="java.vm.specification.version" value="17"/>
    <property name="sun.java.launcher" value="SUN_STANDARD"/>
    <property name="user.country" value="ES"/>
    <property name="sun.boot.library.path" value="C:\Users\matis\MATI\Descargas\Tools\jdk-17.0.8\bin"/>
    <property name="sun.java.command" value="C:\Users\matis\AppData\Local\Temp\surefire1272311191042856833\surefirebooter-20250626120031548_3.jar C:\Users\matis\AppData\Local\Temp\surefire1272311191042856833 2025-06-26T12-00-31_382-jvmRun1 surefire-20250626120031548_1tmp surefire_0-20250626120031548_2tmp"/>
    <property name="jdk.debug" value="release"/>
    <property name="surefire.test.class.path" value="C:\Users\matis\MATI\UTN\2025\INGENIERIA DE SOFTWARE\Practica\TP4\tp4_CI\target\test-classes;C:\Users\matis\MATI\UTN\2025\INGENIERIA DE SOFTWARE\Practica\TP4\tp4_CI\target\classes;C:\Users\matis\.m2\repository\junit\junit\4.13.2\junit-4.13.2.jar;C:\Users\matis\.m2\repository\org\hamcrest\hamcrest-core\1.3\hamcrest-core-1.3.jar;"/>
    <property name="sun.cpu.endian" value="little"/>
    <property name="user.home" value="C:\Users\matis"/>
    <property name="user.language" value="es"/>
    <property name="java.specification.vendor" value="Oracle Corporation"/>
    <property name="java.version.date" value="2023-07-18"/>
    <property name="java.home" value="C:\Users\matis\MATI\Descargas\Tools\jdk-17.0.8"/>
    <property name="file.separator" value="\"/>
    <property name="basedir" value="C:\Users\matis\MATI\UTN\2025\INGENIERIA DE SOFTWARE\Practica\TP4\tp4_CI"/>
    <property name="java.vm.compressedOopsMode" value="Zero based"/>
    <property name="line.separator" value="&#10;"/>
    <property name="java.vm.specification.vendor" value="Oracle Corporation"/>
    <property name="java.specification.name" value="Java Platform API Specification"/>
    <property name="surefire.real.class.path" value="C:\Users\matis\AppData\Local\Temp\surefire1272311191042856833\surefirebooter-20250626120031548_3.jar"/>
    <property name="user.script" value=""/>
    <property name="sun.management.compiler" value="HotSpot 64-Bit Tiered Compilers"/>
    <property name="java.runtime.version" value="17.0.8+9-LTS-211"/>
    <property name="user.name" value="matis"/>
    <property name="path.separator" value=";"/>
    <property name="os.version" value="10.0"/>
    <property name="java.runtime.name" value="Java(TM) SE Runtime Environment"/>
    <property name="file.encoding" value="Cp1252"/>
    <property name="java.vm.name" value="Java HotSpot(TM) 64-Bit Server VM"/>
    <property name="localRepository" value="C:\Users\matis\.m2\repository"/>
    <property name="java.vendor.url.bug" value="https://bugreport.java.com/bugreport/"/>
    <property name="java.io.tmpdir" value="C:\Users\matis\AppData\Local\Temp\"/>
    <property name="java.version" value="17.0.8"/>
    <property name="user.dir" value="C:\Users\matis\MATI\UTN\2025\INGENIERIA DE SOFTWARE\Practica\TP4\tp4_CI"/>
    <property name="os.arch" value="amd64"/>
    <property name="java.vm.specification.name" value="Java Virtual Machine Specification"/>
    <property name="sun.os.patch.level" value=""/>
    <property name="native.encoding" value="Cp1252"/>
    <property name="java.library.path" value="C:\Users\matis\MATI\Descargas\Tools\jdk-17.0.8\bin;C:\WINDOWS\Sun\Java\bin;C:\WINDOWS\system32;C:\WINDOWS;C:\Program Files\Common Files\Oracle\Java\javapath;C:\Program Files (x86)\Common Files\Intel\Shared Libraries\redist\intel64\compiler;C:\WINDOWS\system32;C:\WINDOWS;C:\WINDOWS\System32\Wbem;C:\WINDOWS\System32\WindowsPowerShell\v1.0\;C:\WINDOWS\System32\OpenSSH\;C:\Users\matis\MATI\Descargas\Tools\jdk-17.0.8\bin;C:\Users\matis\MATI\Descargas\Tools\gradle-8.3\bin;C:\Users\matis\;C:\Users\matis\MATI\Descargas\Tools\apache-maven-3.9.4\bin;C:\Users\matis\MATI\Descargas\ffmpeg-2024-06-21-git-d45e20c37b-full_build\bin;C:\Program Files\PuTTY\;C:\Users\matis\Git\cmd;c:\Users\matis\AppData\Local\Programs\cursor\resources\app\bin;C:\Program Files\MySQL\MySQL Shell 8.0\bin\;C:\Users\matis\AppData\Local\Microsoft\WindowsApps;;C:\Users\matis\AppData\Local\Programs\Microsoft VS Code\bin;C:\Users\matis\IntelliJ IDEA Community Edition 2023.2.1\bin;;C:\Program Files\JetBrains\IntelliJ IDEA 2025.1.1.1\bin;;C:\Users\matis\AppData\Roaming\npm;C:\Users\matis\AppData\Local\Programs\cursor\resources\app\bin;."/>
    <property name="java.vm.info" value="mixed mode, sharing"/>
    <property name="java.vendor" value="Oracle Corporation"/>
    <property name="java.vm.version" value="17.0.8+9-LTS-211"/>
    <property name="sun.io.unicode.encoding" value="UnicodeLittle"/>
    <property name="java.class.version" value="61.0"/>
  </properties>
  <testcase name="testContarVocales_sinVocales" classname="com.ejemplo.StringUtilsTest" time="0.002"/>
  <testcase name="testContarVocales_variasVocales" classname="com.ejemplo.StringUtilsTest" time="0.0"/>
  <testcase name="testContarVocales_vacio" classname="com.ejemplo.StringUtilsTest" time="0.0"/>
</testsuite>